<?xml version="1.0" encoding="UTF-8"?>
<!-- Generated by org.testng.reporters.JUnitXMLReporter -->
<testsuite hostname="ATMECSINLT-002" ignored="0" name="Test1" tests="3" failures="0" timestamp="06 Sep 2019 11:33:24 GMT" time="101.846" errors="0">
  <testcase name="openURL" time="0.155" classname="com.cheapticket.testscript.OneWayFlightBooking"/>
  <testcase name="bookTicket" time="51.501" classname="com.cheapticket.testscript.OneWayFlightBooking"/>
  <testcase name="bookTicket" time="45.243" classname="com.cheapticket.testscript.OneWayFlightBooking"/>
</testsuite> <!-- Test1 -->
