<?xml version="1.0" encoding="UTF-8"?>
<!-- Generated by org.testng.reporters.JUnitXMLReporter -->
<testsuite hostname="ATMECSINLT-002" ignored="0" name="Test2" tests="3" failures="0" timestamp="06 Sep 2019 14:24:21 GMT" time="93.511" errors="0">
  <testcase name="openURL" time="0.138" classname="com.cheapticket.testscript.OneWayFlightBooking"/>
  <testcase name="bookTicket" time="43.326" classname="com.cheapticket.testscript.OneWayFlightBooking"/>
  <testcase name="bookTicket" time="44.969" classname="com.cheapticket.testscript.OneWayFlightBooking"/>
</testsuite> <!-- Test2 -->
